2019-05-28 00:18:04 :: ::1_50020_F:\php\blog\app\Http\Controllers\AuthorController.php::30::author_data : object(stdClass)#468 (10) {
  ["id"]=>
  int(10)
  ["author_name"]=>
  string(12) "纳兰性德"
  ["f_year_id"]=>
  int(712)
  ["f_year"]=>
  string(6) "清代"
  ["f_weight"]=>
  int(1)
  ["img_url"]=>
  string(34) "/Uploads/authorImg/nalanxingde.jpg"
  ["author_desc"]=>
  string(719) "纳兰性德（1655－1685），满洲人，字容若，号楞伽山人，清代最著名词人之一。其诗词“纳兰词”在清代以至整个中国词坛上都享有很高的声誉，在中国文学史上也占有光采夺目的一席。他生活于满汉融合时期，其贵族家庭兴衰具有关联于王朝国事的典型性。虽侍从帝王，却向往经历平淡。特殊的生活环境背景，加之个人的超逸才华，使其诗词创作呈现出独特的个性和鲜明的艺术风格。流传至今的《木兰花令&#183;拟古决绝词》——“人生若只如初见，何事秋风悲画扇？等闲变却故人心，却道故人心易变。”富于意境，是其众多代表作之一。"
  ["source_url"]=>
  string(16) "/author_188.aspx"
  ["create_time"]=>
  string(19) "2017-10-27 17:52:18"
  ["is_show"]=>
  int(1)
}

2019-05-28 00:18:55 :: ::1_50033_F:\php\blog\app\Http\Controllers\AuthorController.php::30::author_data : object(stdClass)#468 (10) {
  ["id"]=>
  int(10)
  ["author_name"]=>
  string(12) "纳兰性德"
  ["f_year_id"]=>
  int(712)
  ["f_year"]=>
  string(6) "清代"
  ["f_weight"]=>
  int(1)
  ["img_url"]=>
  string(34) "/Uploads/authorImg/nalanxingde.jpg"
  ["author_desc"]=>
  string(719) "纳兰性德（1655－1685），满洲人，字容若，号楞伽山人，清代最著名词人之一。其诗词“纳兰词”在清代以至整个中国词坛上都享有很高的声誉，在中国文学史上也占有光采夺目的一席。他生活于满汉融合时期，其贵族家庭兴衰具有关联于王朝国事的典型性。虽侍从帝王，却向往经历平淡。特殊的生活环境背景，加之个人的超逸才华，使其诗词创作呈现出独特的个性和鲜明的艺术风格。流传至今的《木兰花令&#183;拟古决绝词》——“人生若只如初见，何事秋风悲画扇？等闲变却故人心，却道故人心易变。”富于意境，是其众多代表作之一。"
  ["source_url"]=>
  string(16) "/author_188.aspx"
  ["create_time"]=>
  string(19) "2017-10-27 17:52:18"
  ["is_show"]=>
  int(1)
}

